java/build/outputs/logs/manifest-merger-debug-report.txt
-- Merging decision tree log ---
manifest
ADDED from zoomTableau\java\AndroidManifest.xml:2:1-7:12
INJECTED from zoomTableau\java\AndroidManifest.xml:2:1-7:12
INJECTED from zoomTableau\java\AndroidManifest.xml:2:1-7:12
INJECTED from zoomTableau\java\AndroidManifest.xml:2:1-7:12
INJECTED from zoomTableau\java\AndroidManifest.xml:2:1-7:12
INJECTED from zoomTableau\java\AndroidManifest.xml:2:1-7:12
INJECTED from zoomTableau\java\AndroidManifest.xml:2:1-7:12
	package
		ADDED from zoomTableau\java\AndroidManifest.xml:3:7-27
		INJECTED from zoomTableau\java\AndroidManifest.xml
		INJECTED from zoomTableau\java\AndroidManifest.xml
	android:versionName
		ADDED from zoomTableau\java\AndroidManifest.xml:6:7-34
		INJECTED from zoomTableau\java\AndroidManifest.xml
		INJECTED from zoomTableau\java\AndroidManifest.xml
	xmlns:android
		ADDED from zoomTableau\java\AndroidManifest.xml:2:11-69
	android:versionCode
		ADDED from zoomTableau\java\AndroidManifest.xml:5:7-33
		INJECTED from zoomTableau\java\AndroidManifest.xml
		INJECTED from zoomTableau\java\AndroidManifest.xml
	android:installLocation
		ADDED from zoomTableau\java\AndroidManifest.xml:4:7-47
uses-sdk
INJECTED from zoomTableau\java\AndroidManifest.xml reason: use-sdk injection requested
INJECTED from zoomTableau\java\AndroidManifest.xml
INJECTED from zoomTableau\java\AndroidManifest.xml
INJECTED from zoomTableau\java\AndroidManifest.xml
INJECTED from zoomTableau\java\AndroidManifest.xml
	android:targetSdkVersion
		INJECTED from zoomTableau\java\AndroidManifest.xml
		ADDED from zoomTableau\java\AndroidManifest.xml
		INJECTED from zoomTableau\java\AndroidManifest.xml
	android:minSdkVersion
		INJECTED from zoomTableau\java\AndroidManifest.xml
		ADDED from zoomTableau\java\AndroidManifest.xml
		INJECTED from zoomTableau\java\AndroidManifest.xml